{"/govuk/frontend/app/assets/javascripts.bak/transactions.js":{"path":"/govuk/frontend/app/assets/javascripts.bak/transactions.js","s":{"1":1,"2":1,"3":1,"4":1,"5":1,"6":2,"7":0,"8":2,"9":2,"10":1,"11":1,"12":1,"13":1,"14":1,"15":1,"16":0,"17":0,"18":1,"19":1},"b":{"1":[1,0],"2":[0,2],"3":[1,1]},"f":{"1":1,"2":1,"3":2,"4":1,"5":1,"6":1,"7":0},"fnMap":{"1":{"name":"(anonymous_1)","line":1,"loc":{"start":{"line":1,"column":1},"end":{"line":1,"column":13}}},"2":{"name":"(anonymous_2)","line":8,"loc":{"start":{"line":8,"column":25},"end":{"line":8,"column":38}}},"3":{"name":"(anonymous_3)","line":16,"loc":{"start":{"line":16,"column":33},"end":{"line":16,"column":45}}},"4":{"name":"(anonymous_4)","line":23,"loc":{"start":{"line":23,"column":17},"end":{"line":23,"column":29}}},"5":{"name":"(anonymous_5)","line":25,"loc":{"start":{"line":25,"column":18},"end":{"line":25,"column":37}}},"6":{"name":"(anonymous_6)","line":32,"loc":{"start":{"line":32,"column":20},"end":{"line":32,"column":32}}},"7":{"name":"(anonymous_7)","line":38,"loc":{"start":{"line":38,"column":65},"end":{"line":38,"column":76}}}},"statementMap":{"1":{"start":{"line":1,"column":0},"end":{"line":48,"column":5}},"2":{"start":{"line":5,"column":2},"end":{"line":5,"column":36}},"3":{"start":{"line":7,"column":2},"end":{"line":30,"column":4}},"4":{"start":{"line":9,"column":6},"end":{"line":9,"column":35}},"5":{"start":{"line":10,"column":6},"end":{"line":10,"column":95}},"6":{"start":{"line":17,"column":6},"end":{"line":19,"column":7}},"7":{"start":{"line":18,"column":8},"end":{"line":18,"column":15}},"8":{"start":{"line":21,"column":6},"end":{"line":21,"column":113}},"9":{"start":{"line":23,"column":6},"end":{"line":28,"column":9}},"10":{"start":{"line":24,"column":8},"end":{"line":24,"column":28}},"11":{"start":{"line":25,"column":8},"end":{"line":27,"column":11}},"12":{"start":{"line":26,"column":10},"end":{"line":26,"column":66}},"13":{"start":{"line":32,"column":2},"end":{"line":46,"column":5}},"14":{"start":{"line":34,"column":4},"end":{"line":36,"column":93}},"15":{"start":{"line":38,"column":4},"end":{"line":41,"column":7}},"16":{"start":{"line":39,"column":6},"end":{"line":39,"column":43}},"17":{"start":{"line":40,"column":6},"end":{"line":40,"column":39}},"18":{"start":{"line":43,"column":4},"end":{"line":43,"column":91}},"19":{"start":{"line":45,"column":4},"end":{"line":45,"column":59}}},"branchMap":{"1":{"line":5,"type":"binary-expr","locations":[{"start":{"line":5,"column":17},"end":{"line":5,"column":29}},{"start":{"line":5,"column":33},"end":{"line":5,"column":35}}]},"2":{"line":17,"type":"if","locations":[{"start":{"line":17,"column":6},"end":{"line":17,"column":6}},{"start":{"line":17,"column":6},"end":{"line":17,"column":6}}]},"3":{"line":36,"type":"binary-expr","locations":[{"start":{"line":36,"column":60},"end":{"line":36,"column":77}},{"start":{"line":36,"column":81},"end":{"line":36,"column":90}}]}}},"/govuk/frontend/app/assets/javascripts.bak/templates.js":{"path":"/govuk/frontend/app/assets/javascripts.bak/templates.js","s":{},"b":{},"f":{},"fnMap":{},"statementMap":{},"branchMap":{}},"/govuk/frontend/app/assets/javascripts.bak/modules/cookie-settings.js":{"path":"/govuk/frontend/app/assets/javascripts.bak/modules/cookie-settings.js","s":{"1":1,"2":1,"3":1,"4":1,"5":1,"6":9,"7":9,"8":9,"9":9,"10":1,"11":9,"12":1,"13":9,"14":9,"15":9,"16":9,"17":27,"18":27,"19":15,"20":12,"21":27,"22":1,"23":7,"24":7,"25":7,"26":7,"27":42,"28":42,"29":21,"30":21,"31":21,"32":7,"33":7,"34":7,"35":7,"36":7,"37":1,"38":7,"39":7,"40":21,"41":21,"42":7,"43":7,"44":1,"45":7,"46":7,"47":7,"48":7,"49":7,"50":7,"51":4,"52":4,"53":3,"54":7,"55":1,"56":0,"57":1},"b":{"1":[1,0],"2":[1,0],"3":[1,8],"4":[15,12],"5":[21,21],"6":[12,9],"7":[12,9],"8":[7,0],"9":[7,7],"10":[4,3],"11":[7,5],"12":[0,0]},"f":{"1":1,"2":9,"3":9,"4":9,"5":7,"6":7,"7":7,"8":0},"fnMap":{"1":{"name":"(anonymous_1)","line":4,"loc":{"start":{"line":4,"column":1},"end":{"line":4,"column":20}}},"2":{"name":"CookieSettings","line":5,"loc":{"start":{"line":5,"column":2},"end":{"line":5,"column":29}}},"3":{"name":"(anonymous_3)","line":7,"loc":{"start":{"line":7,"column":35},"end":{"line":7,"column":54}}},"4":{"name":"(anonymous_4)","line":18,"loc":{"start":{"line":18,"column":50},"end":{"line":18,"column":62}}},"5":{"name":"(anonymous_5)","line":42,"loc":{"start":{"line":42,"column":48},"end":{"line":42,"column":65}}},"6":{"name":"(anonymous_6)","line":68,"loc":{"start":{"line":68,"column":48},"end":{"line":68,"column":67}}},"7":{"name":"(anonymous_7)","line":81,"loc":{"start":{"line":81,"column":53},"end":{"line":81,"column":65}}},"8":{"name":"(anonymous_8)","line":100,"loc":{"start":{"line":100,"column":45},"end":{"line":100,"column":57}}}},"statementMap":{"1":{"start":{"line":1,"column":0},"end":{"line":1,"column":33}},"2":{"start":{"line":2,"column":0},"end":{"line":2,"column":50}},"3":{"start":{"line":4,"column":0},"end":{"line":105,"column":24}},"4":{"start":{"line":5,"column":2},"end":{"line":5,"column":31}},"5":{"start":{"line":7,"column":2},"end":{"line":16,"column":3}},"6":{"start":{"line":8,"column":4},"end":{"line":8,"column":29}},"7":{"start":{"line":10,"column":4},"end":{"line":10,"column":72}},"8":{"start":{"line":12,"column":4},"end":{"line":13,"column":66}},"9":{"start":{"line":15,"column":4},"end":{"line":15,"column":31}},"10":{"start":{"line":18,"column":2},"end":{"line":40,"column":3}},"11":{"start":{"line":19,"column":4},"end":{"line":21,"column":5}},"12":{"start":{"line":20,"column":6},"end":{"line":20,"column":44}},"13":{"start":{"line":23,"column":4},"end":{"line":23,"column":68}},"14":{"start":{"line":24,"column":4},"end":{"line":24,"column":67}},"15":{"start":{"line":27,"column":4},"end":{"line":27,"column":48}},"16":{"start":{"line":29,"column":4},"end":{"line":39,"column":5}},"17":{"start":{"line":30,"column":6},"end":{"line":30,"column":21}},"18":{"start":{"line":32,"column":6},"end":{"line":36,"column":7}},"19":{"start":{"line":33,"column":8},"end":{"line":33,"column":96}},"20":{"start":{"line":35,"column":8},"end":{"line":35,"column":97}},"21":{"start":{"line":38,"column":6},"end":{"line":38,"column":32}},"22":{"start":{"line":42,"column":2},"end":{"line":66,"column":3}},"23":{"start":{"line":43,"column":4},"end":{"line":43,"column":26}},"24":{"start":{"line":45,"column":4},"end":{"line":45,"column":63}},"25":{"start":{"line":46,"column":4},"end":{"line":46,"column":20}},"26":{"start":{"line":48,"column":4},"end":{"line":56,"column":5}},"27":{"start":{"line":49,"column":6},"end":{"line":49,"column":31}},"28":{"start":{"line":50,"column":6},"end":{"line":55,"column":7}},"29":{"start":{"line":51,"column":8},"end":{"line":51,"column":53}},"30":{"start":{"line":52,"column":8},"end":{"line":52,"column":55}},"31":{"start":{"line":54,"column":8},"end":{"line":54,"column":29}},"32":{"start":{"line":58,"column":4},"end":{"line":58,"column":42}},"33":{"start":{"line":59,"column":4},"end":{"line":59,"column":75}},"34":{"start":{"line":61,"column":4},"end":{"line":61,"column":36}},"35":{"start":{"line":63,"column":4},"end":{"line":63,"column":34}},"36":{"start":{"line":65,"column":4},"end":{"line":65,"column":16}},"37":{"start":{"line":68,"column":2},"end":{"line":79,"column":3}},"38":{"start":{"line":69,"column":4},"end":{"line":69,"column":23}},"39":{"start":{"line":71,"column":4},"end":{"line":74,"column":5}},"40":{"start":{"line":72,"column":6},"end":{"line":72,"column":54}},"41":{"start":{"line":73,"column":6},"end":{"line":73,"column":52}},"42":{"start":{"line":76,"column":4},"end":{"line":78,"column":5}},"43":{"start":{"line":77,"column":6},"end":{"line":77,"column":89}},"44":{"start":{"line":81,"column":2},"end":{"line":98,"column":3}},"45":{"start":{"line":82,"column":4},"end":{"line":82,"column":85}},"46":{"start":{"line":84,"column":4},"end":{"line":84,"column":46}},"47":{"start":{"line":85,"column":4},"end":{"line":85,"column":80}},"48":{"start":{"line":86,"column":4},"end":{"line":86,"column":61}},"49":{"start":{"line":88,"column":4},"end":{"line":88,"column":68}},"50":{"start":{"line":90,"column":4},"end":{"line":95,"column":5}},"51":{"start":{"line":91,"column":6},"end":{"line":91,"column":38}},"52":{"start":{"line":92,"column":6},"end":{"line":92,"column":47}},"53":{"start":{"line":94,"column":6},"end":{"line":94,"column":45}},"54":{"start":{"line":97,"column":4},"end":{"line":97,"column":47}},"55":{"start":{"line":100,"column":2},"end":{"line":102,"column":3}},"56":{"start":{"line":101,"column":4},"end":{"line":101,"column":74}},"57":{"start":{"line":104,"column":2},"end":{"line":104,"column":41}}},"branchMap":{"1":{"line":1,"type":"binary-expr","locations":[{"start":{"line":1,"column":15},"end":{"line":1,"column":27}},{"start":{"line":1,"column":31},"end":{"line":1,"column":33}}]},"2":{"line":2,"type":"binary-expr","locations":[{"start":{"line":2,"column":23},"end":{"line":2,"column":43}},{"start":{"line":2,"column":47},"end":{"line":2,"column":49}}]},"3":{"line":19,"type":"if","locations":[{"start":{"line":19,"column":4},"end":{"line":19,"column":4}},{"start":{"line":19,"column":4},"end":{"line":19,"column":4}}]},"4":{"line":32,"type":"if","locations":[{"start":{"line":32,"column":6},"end":{"line":32,"column":6}},{"start":{"line":32,"column":6},"end":{"line":32,"column":6}}]},"5":{"line":50,"type":"if","locations":[{"start":{"line":50,"column":6},"end":{"line":50,"column":6}},{"start":{"line":50,"column":6},"end":{"line":50,"column":6}}]},"6":{"line":52,"type":"cond-expr","locations":[{"start":{"line":52,"column":43},"end":{"line":52,"column":47}},{"start":{"line":52,"column":50},"end":{"line":52,"column":55}}]},"7":{"line":72,"type":"cond-expr","locations":[{"start":{"line":72,"column":42},"end":{"line":72,"column":47}},{"start":{"line":72,"column":50},"end":{"line":72,"column":54}}]},"8":{"line":76,"type":"if","locations":[{"start":{"line":76,"column":4},"end":{"line":76,"column":4}},{"start":{"line":76,"column":4},"end":{"line":76,"column":4}}]},"9":{"line":76,"type":"binary-expr","locations":[{"start":{"line":76,"column":8},"end":{"line":76,"column":23}},{"start":{"line":76,"column":27},"end":{"line":76,"column":53}}]},"10":{"line":90,"type":"if","locations":[{"start":{"line":90,"column":4},"end":{"line":90,"column":4}},{"start":{"line":90,"column":4},"end":{"line":90,"column":4}}]},"11":{"line":90,"type":"binary-expr","locations":[{"start":{"line":90,"column":8},"end":{"line":90,"column":16}},{"start":{"line":90,"column":20},"end":{"line":90,"column":59}}]},"12":{"line":101,"type":"cond-expr","locations":[{"start":{"line":101,"column":31},"end":{"line":101,"column":66}},{"start":{"line":101,"column":69},"end":{"line":101,"column":74}}]}}},"/govuk/frontend/app/assets/javascripts.bak/modules/track-smart-answer.js":{"path":"/govuk/frontend/app/assets/javascripts.bak/modules/track-smart-answer.js","s":{"1":1,"2":1,"3":1,"4":4,"5":4,"6":4,"7":4,"8":2,"9":2,"10":2,"11":1,"12":1,"13":2,"14":1,"15":1,"16":4,"17":0},"b":{"1":[1,0],"2":[2,2],"3":[4,3],"4":[1,0],"5":[1,1],"6":[1]},"f":{"1":1,"2":4,"3":4,"4":1,"5":0},"fnMap":{"1":{"name":"(anonymous_1)","line":3,"loc":{"start":{"line":3,"column":1},"end":{"line":3,"column":19}}},"2":{"name":"(anonymous_2)","line":6,"loc":{"start":{"line":6,"column":29},"end":{"line":6,"column":41}}},"3":{"name":"(anonymous_3)","line":7,"loc":{"start":{"line":7,"column":17},"end":{"line":7,"column":36}}},"4":{"name":"(anonymous_4)","line":21,"loc":{"start":{"line":21,"column":29},"end":{"line":21,"column":57}}},"5":{"name":"(anonymous_5)","line":33,"loc":{"start":{"line":33,"column":23},"end":{"line":33,"column":35}}}},"statementMap":{"1":{"start":{"line":1,"column":0},"end":{"line":1,"column":50}},"2":{"start":{"line":3,"column":0},"end":{"line":37,"column":24}},"3":{"start":{"line":6,"column":2},"end":{"line":36,"column":3}},"4":{"start":{"line":7,"column":4},"end":{"line":32,"column":5}},"5":{"start":{"line":8,"column":6},"end":{"line":8,"column":59}},"6":{"start":{"line":9,"column":6},"end":{"line":9,"column":54}},"7":{"start":{"line":11,"column":6},"end":{"line":13,"column":7}},"8":{"start":{"line":12,"column":8},"end":{"line":12,"column":14}},"9":{"start":{"line":15,"column":6},"end":{"line":19,"column":7}},"10":{"start":{"line":21,"column":6},"end":{"line":25,"column":7}},"11":{"start":{"line":22,"column":8},"end":{"line":24,"column":9}},"12":{"start":{"line":23,"column":10},"end":{"line":23,"column":71}},"13":{"start":{"line":27,"column":6},"end":{"line":31,"column":7}},"14":{"start":{"line":29,"column":10},"end":{"line":29,"column":79}},"15":{"start":{"line":30,"column":10},"end":{"line":30,"column":15}},"16":{"start":{"line":33,"column":4},"end":{"line":35,"column":5}},"17":{"start":{"line":34,"column":6},"end":{"line":34,"column":37}}},"branchMap":{"1":{"line":1,"type":"binary-expr","locations":[{"start":{"line":1,"column":23},"end":{"line":1,"column":43}},{"start":{"line":1,"column":47},"end":{"line":1,"column":49}}]},"2":{"line":11,"type":"if","locations":[{"start":{"line":11,"column":6},"end":{"line":11,"column":6}},{"start":{"line":11,"column":6},"end":{"line":11,"column":6}}]},"3":{"line":11,"type":"binary-expr","locations":[{"start":{"line":11,"column":11},"end":{"line":11,"column":33}},{"start":{"line":11,"column":39},"end":{"line":11,"column":61}}]},"4":{"line":22,"type":"if","locations":[{"start":{"line":22,"column":8},"end":{"line":22,"column":8}},{"start":{"line":22,"column":8},"end":{"line":22,"column":8}}]},"5":{"line":22,"type":"binary-expr","locations":[{"start":{"line":22,"column":12},"end":{"line":22,"column":27}},{"start":{"line":22,"column":31},"end":{"line":22,"column":57}}]},"6":{"line":27,"type":"switch","locations":[{"start":{"line":28,"column":8},"end":{"line":30,"column":15}}]}}},"/govuk/frontend/app/assets/javascripts.bak/modules/track-submit.js":{"path":"/govuk/frontend/app/assets/javascripts.bak/modules/track-submit.js","s":{"1":1,"2":1,"3":1,"4":1,"5":1,"6":1,"7":1,"8":1,"9":1},"b":{"1":[1,0],"2":[1,0],"3":[1,1]},"f":{"1":1,"2":1,"3":1,"4":1},"fnMap":{"1":{"name":"(anonymous_1)","line":3,"loc":{"start":{"line":3,"column":1},"end":{"line":3,"column":19}}},"2":{"name":"(anonymous_2)","line":6,"loc":{"start":{"line":6,"column":24},"end":{"line":6,"column":36}}},"3":{"name":"(anonymous_3)","line":7,"loc":{"start":{"line":7,"column":17},"end":{"line":7,"column":36}}},"4":{"name":"trackSubmit","line":13,"loc":{"start":{"line":13,"column":6},"end":{"line":13,"column":29}}}},"statementMap":{"1":{"start":{"line":1,"column":0},"end":{"line":1,"column":50}},"2":{"start":{"line":3,"column":0},"end":{"line":20,"column":25}},"3":{"start":{"line":6,"column":2},"end":{"line":19,"column":4}},"4":{"start":{"line":7,"column":4},"end":{"line":18,"column":6}},"5":{"start":{"line":8,"column":6},"end":{"line":8,"column":48}},"6":{"start":{"line":10,"column":6},"end":{"line":11,"column":48}},"7":{"start":{"line":13,"column":6},"end":{"line":17,"column":7}},"8":{"start":{"line":14,"column":8},"end":{"line":16,"column":9}},"9":{"start":{"line":15,"column":10},"end":{"line":15,"column":55}}},"branchMap":{"1":{"line":1,"type":"binary-expr","locations":[{"start":{"line":1,"column":23},"end":{"line":1,"column":43}},{"start":{"line":1,"column":47},"end":{"line":1,"column":49}}]},"2":{"line":14,"type":"if","locations":[{"start":{"line":14,"column":8},"end":{"line":14,"column":8}},{"start":{"line":14,"column":8},"end":{"line":14,"column":8}}]},"3":{"line":14,"type":"binary-expr","locations":[{"start":{"line":14,"column":12},"end":{"line":14,"column":27}},{"start":{"line":14,"column":31},"end":{"line":14,"column":57}}]}}},"/govuk/frontend/app/assets/javascripts.bak/test-dependencies.js":{"path":"/govuk/frontend/app/assets/javascripts.bak/test-dependencies.js","s":{},"b":{},"f":{},"fnMap":{},"statementMap":{},"branchMap":{}},"/govuk/frontend/app/assets/javascripts.bak/views/travel-advice.js":{"path":"/govuk/frontend/app/assets/javascripts.bak/views/travel-advice.js","s":{"1":1,"2":1,"3":1,"4":1,"5":0,"6":1,"7":30,"8":1,"9":22,"10":22,"11":22,"12":21,"13":2,"14":2,"15":2,"16":2,"17":1,"18":21,"19":21,"20":1,"21":2,"22":2,"23":6,"24":6,"25":10,"26":3,"27":2,"28":6,"29":6,"30":6,"31":4,"32":2,"33":1,"34":32,"35":32,"36":32,"37":34,"38":0,"39":32,"40":1,"41":6,"42":6,"43":6,"44":6,"45":6,"46":6,"47":6,"48":30,"49":30,"50":30,"51":6,"52":6,"53":6,"54":6,"55":6,"56":6,"57":30,"58":30,"59":30,"60":0,"61":0,"62":6,"63":0,"64":0,"65":0,"66":0,"67":0,"68":6,"69":6,"70":1,"71":4,"72":4,"73":4,"74":4,"75":4,"76":2,"77":2,"78":1,"79":1,"80":2,"81":2,"82":2,"83":2,"84":1,"85":1,"86":1,"87":1,"88":1,"89":0},"b":{"1":[0,1],"2":[30,0,0],"3":[1,1],"4":[3,7],"5":[4,2],"6":[0,34],"7":[6,0],"8":[6,6],"9":[0,30],"10":[0,6],"11":[0,0],"12":[2,2],"13":[1,1]},"f":{"1":1,"2":30,"3":22,"4":2,"5":2,"6":2,"7":6,"8":10,"9":6,"10":32,"11":6,"12":30,"13":30,"14":0,"15":4,"16":2,"17":2,"18":1,"19":0},"fnMap":{"1":{"name":"(anonymous_1)","line":2,"loc":{"start":{"line":2,"column":1},"end":{"line":2,"column":13}}},"2":{"name":"(anonymous_2)","line":10,"loc":{"start":{"line":10,"column":25},"end":{"line":10,"column":53}}},"3":{"name":"(anonymous_3)","line":14,"loc":{"start":{"line":14,"column":22},"end":{"line":14,"column":39}}},"4":{"name":"(anonymous_4)","line":19,"loc":{"start":{"line":19,"column":16},"end":{"line":19,"column":28}}},"5":{"name":"(anonymous_5)","line":24,"loc":{"start":{"line":24,"column":16},"end":{"line":24,"column":33}}},"6":{"name":"(anonymous_6)","line":35,"loc":{"start":{"line":35,"column":43},"end":{"line":35,"column":70}}},"7":{"name":"(anonymous_7)","line":37,"loc":{"start":{"line":37,"column":37},"end":{"line":37,"column":67}}},"8":{"name":"(anonymous_8)","line":39,"loc":{"start":{"line":39,"column":27},"end":{"line":39,"column":39}}},"9":{"name":"(anonymous_9)","line":42,"loc":{"start":{"line":42,"column":25},"end":{"line":42,"column":48}}},"10":{"name":"(anonymous_10)","line":54,"loc":{"start":{"line":54,"column":45},"end":{"line":54,"column":70}}},"11":{"name":"(anonymous_11)","line":65,"loc":{"start":{"line":65,"column":44},"end":{"line":65,"column":62}}},"12":{"name":"(anonymous_12)","line":73,"loc":{"start":{"line":73,"column":19},"end":{"line":73,"column":38}}},"13":{"name":"(anonymous_13)","line":84,"loc":{"start":{"line":84,"column":21},"end":{"line":84,"column":40}}},"14":{"name":"(anonymous_14)","line":93,"loc":{"start":{"line":93,"column":37},"end":{"line":93,"column":49}}},"15":{"name":"(anonymous_15)","line":105,"loc":{"start":{"line":105,"column":42},"end":{"line":105,"column":62}}},"16":{"name":"(anonymous_16)","line":120,"loc":{"start":{"line":120,"column":34},"end":{"line":120,"column":52}}},"17":{"name":"(anonymous_17)","line":123,"loc":{"start":{"line":123,"column":41},"end":{"line":123,"column":53}}},"18":{"name":"(anonymous_18)","line":130,"loc":{"start":{"line":130,"column":37},"end":{"line":130,"column":49}}},"19":{"name":"(anonymous_19)","line":136,"loc":{"start":{"line":136,"column":41},"end":{"line":136,"column":63}}}},"statementMap":{"1":{"start":{"line":2,"column":0},"end":{"line":139,"column":13}},"2":{"start":{"line":5,"column":2},"end":{"line":5,"column":17}},"3":{"start":{"line":6,"column":2},"end":{"line":6,"column":21}},"4":{"start":{"line":8,"column":2},"end":{"line":8,"column":60}},"5":{"start":{"line":8,"column":43},"end":{"line":8,"column":59}},"6":{"start":{"line":10,"column":2},"end":{"line":12,"column":3}},"7":{"start":{"line":11,"column":4},"end":{"line":11,"column":101}},"8":{"start":{"line":14,"column":2},"end":{"line":33,"column":3}},"9":{"start":{"line":15,"column":4},"end":{"line":15,"column":25}},"10":{"start":{"line":16,"column":4},"end":{"line":16,"column":25}},"11":{"start":{"line":18,"column":4},"end":{"line":18,"column":58}},"12":{"start":{"line":19,"column":4},"end":{"line":29,"column":6}},"13":{"start":{"line":20,"column":6},"end":{"line":20,"column":32}},"14":{"start":{"line":22,"column":6},"end":{"line":22,"column":40}},"15":{"start":{"line":23,"column":6},"end":{"line":23,"column":30}},"16":{"start":{"line":26,"column":6},"end":{"line":28,"column":7}},"17":{"start":{"line":27,"column":8},"end":{"line":27,"column":30}},"18":{"start":{"line":31,"column":4},"end":{"line":31,"column":74}},"19":{"start":{"line":32,"column":4},"end":{"line":32,"column":57}},"20":{"start":{"line":35,"column":2},"end":{"line":52,"column":3}},"21":{"start":{"line":36,"column":4},"end":{"line":36,"column":25}},"22":{"start":{"line":37,"column":4},"end":{"line":40,"column":5}},"23":{"start":{"line":38,"column":6},"end":{"line":38,"column":96}},"24":{"start":{"line":39,"column":6},"end":{"line":39,"column":120}},"25":{"start":{"line":39,"column":41},"end":{"line":39,"column":91}},"26":{"start":{"line":39,"column":78},"end":{"line":39,"column":90}},"27":{"start":{"line":42,"column":4},"end":{"line":51,"column":6}},"28":{"start":{"line":43,"column":6},"end":{"line":43,"column":25}},"29":{"start":{"line":44,"column":6},"end":{"line":44,"column":53}},"30":{"start":{"line":46,"column":6},"end":{"line":50,"column":7}},"31":{"start":{"line":47,"column":8},"end":{"line":47,"column":29}},"32":{"start":{"line":49,"column":8},"end":{"line":49,"column":29}},"33":{"start":{"line":54,"column":2},"end":{"line":63,"column":3}},"34":{"start":{"line":55,"column":4},"end":{"line":55,"column":54}},"35":{"start":{"line":56,"column":4},"end":{"line":56,"column":22}},"36":{"start":{"line":57,"column":4},"end":{"line":61,"column":5}},"37":{"start":{"line":58,"column":6},"end":{"line":60,"column":7}},"38":{"start":{"line":59,"column":8},"end":{"line":59,"column":30}},"39":{"start":{"line":62,"column":4},"end":{"line":62,"column":17}},"40":{"start":{"line":65,"column":2},"end":{"line":103,"column":3}},"41":{"start":{"line":66,"column":4},"end":{"line":66,"column":87}},"42":{"start":{"line":67,"column":4},"end":{"line":67,"column":64}},"43":{"start":{"line":68,"column":4},"end":{"line":68,"column":19}},"44":{"start":{"line":69,"column":4},"end":{"line":69,"column":20}},"45":{"start":{"line":70,"column":4},"end":{"line":70,"column":28}},"46":{"start":{"line":71,"column":4},"end":{"line":71,"column":25}},"47":{"start":{"line":73,"column":4},"end":{"line":77,"column":13}},"48":{"start":{"line":74,"column":6},"end":{"line":74,"column":25}},"49":{"start":{"line":75,"column":6},"end":{"line":75,"column":36}},"50":{"start":{"line":76,"column":6},"end":{"line":76,"column":22}},"51":{"start":{"line":79,"column":4},"end":{"line":79,"column":27}},"52":{"start":{"line":80,"column":4},"end":{"line":98,"column":5}},"53":{"start":{"line":81,"column":6},"end":{"line":81,"column":71}},"54":{"start":{"line":82,"column":6},"end":{"line":82,"column":24}},"55":{"start":{"line":83,"column":6},"end":{"line":83,"column":58}},"56":{"start":{"line":84,"column":6},"end":{"line":91,"column":8}},"57":{"start":{"line":85,"column":8},"end":{"line":85,"column":31}},"58":{"start":{"line":86,"column":8},"end":{"line":86,"column":63}},"59":{"start":{"line":87,"column":8},"end":{"line":90,"column":9}},"60":{"start":{"line":88,"column":10},"end":{"line":88,"column":29}},"61":{"start":{"line":89,"column":10},"end":{"line":89,"column":54}},"62":{"start":{"line":92,"column":6},"end":{"line":94,"column":7}},"63":{"start":{"line":93,"column":8},"end":{"line":93,"column":111}},"64":{"start":{"line":93,"column":51},"end":{"line":93,"column":101}},"65":{"start":{"line":93,"column":88},"end":{"line":93,"column":100}},"66":{"start":{"line":96,"column":6},"end":{"line":96,"column":28}},"67":{"start":{"line":97,"column":6},"end":{"line":97,"column":37}},"68":{"start":{"line":100,"column":4},"end":{"line":100,"column":40}},"69":{"start":{"line":102,"column":4},"end":{"line":102,"column":67}},"70":{"start":{"line":105,"column":2},"end":{"line":116,"column":3}},"71":{"start":{"line":106,"column":4},"end":{"line":106,"column":57}},"72":{"start":{"line":107,"column":4},"end":{"line":107,"column":15}},"73":{"start":{"line":109,"column":4},"end":{"line":109,"column":55}},"74":{"start":{"line":110,"column":4},"end":{"line":110,"column":60}},"75":{"start":{"line":112,"column":4},"end":{"line":115,"column":5}},"76":{"start":{"line":113,"column":6},"end":{"line":113,"column":51}},"77":{"start":{"line":114,"column":6},"end":{"line":114,"column":38}},"78":{"start":{"line":118,"column":2},"end":{"line":118,"column":47}},"79":{"start":{"line":120,"column":2},"end":{"line":128,"column":3}},"80":{"start":{"line":121,"column":4},"end":{"line":121,"column":36}},"81":{"start":{"line":122,"column":4},"end":{"line":122,"column":34}},"82":{"start":{"line":123,"column":4},"end":{"line":127,"column":12}},"83":{"start":{"line":124,"column":6},"end":{"line":126,"column":7}},"84":{"start":{"line":125,"column":8},"end":{"line":125,"column":102}},"85":{"start":{"line":130,"column":2},"end":{"line":132,"column":3}},"86":{"start":{"line":131,"column":4},"end":{"line":131,"column":45}},"87":{"start":{"line":134,"column":2},"end":{"line":134,"column":37}},"88":{"start":{"line":136,"column":2},"end":{"line":138,"column":4}},"89":{"start":{"line":137,"column":4},"end":{"line":137,"column":37}}},"branchMap":{"1":{"line":8,"type":"if","locations":[{"start":{"line":8,"column":2},"end":{"line":8,"column":2}},{"start":{"line":8,"column":2},"end":{"line":8,"column":2}}]},"2":{"line":11,"type":"binary-expr","locations":[{"start":{"line":11,"column":12},"end":{"line":11,"column":27}},{"start":{"line":11,"column":31},"end":{"line":11,"column":44}},{"start":{"line":11,"column":48},"end":{"line":11,"column":50}}]},"3":{"line":26,"type":"if","locations":[{"start":{"line":26,"column":6},"end":{"line":26,"column":6}},{"start":{"line":26,"column":6},"end":{"line":26,"column":6}}]},"4":{"line":39,"type":"if","locations":[{"start":{"line":39,"column":41},"end":{"line":39,"column":41}},{"start":{"line":39,"column":41},"end":{"line":39,"column":41}}]},"5":{"line":46,"type":"if","locations":[{"start":{"line":46,"column":6},"end":{"line":46,"column":6}},{"start":{"line":46,"column":6},"end":{"line":46,"column":6}}]},"6":{"line":58,"type":"if","locations":[{"start":{"line":58,"column":6},"end":{"line":58,"column":6}},{"start":{"line":58,"column":6},"end":{"line":58,"column":6}}]},"7":{"line":80,"type":"if","locations":[{"start":{"line":80,"column":4},"end":{"line":80,"column":4}},{"start":{"line":80,"column":4},"end":{"line":80,"column":4}}]},"8":{"line":80,"type":"binary-expr","locations":[{"start":{"line":80,"column":8},"end":{"line":80,"column":14}},{"start":{"line":80,"column":18},"end":{"line":80,"column":35}}]},"9":{"line":87,"type":"if","locations":[{"start":{"line":87,"column":8},"end":{"line":87,"column":8}},{"start":{"line":87,"column":8},"end":{"line":87,"column":8}}]},"10":{"line":92,"type":"if","locations":[{"start":{"line":92,"column":6},"end":{"line":92,"column":6}},{"start":{"line":92,"column":6},"end":{"line":92,"column":6}}]},"11":{"line":93,"type":"if","locations":[{"start":{"line":93,"column":51},"end":{"line":93,"column":51}},{"start":{"line":93,"column":51},"end":{"line":93,"column":51}}]},"12":{"line":112,"type":"if","locations":[{"start":{"line":112,"column":4},"end":{"line":112,"column":4}},{"start":{"line":112,"column":4},"end":{"line":112,"column":4}}]},"13":{"line":124,"type":"if","locations":[{"start":{"line":124,"column":6},"end":{"line":124,"column":6}},{"start":{"line":124,"column":6},"end":{"line":124,"column":6}}]}}}}
